{"logTime": "0209/162652", "correlationVector":"doPqYipzFyRfHbve5g7wCu.1","action":"SyncServerConnectionManagerRequest", "result":"SYNC_SERVER_OK", "context":{"environment":"Prod_francecentral_prod-s01-062-eur-francecentral", "migrationStage":"NotStarted", "server":"akswtt11200000b"}}
{"logTime": "0209/162652", "correlationVector":"doPqYipzFyRfHbve5g7wCu.2","action":"ProcessGetUpdates", "result":"Done", "context":{"dataType":"Encryption Keys", "deleted":"0", "process_failed_to_decrypt":"0", "process_pending_decryption":"0", "process_success":"1", "total":"1"}}
{"logTime": "0209/162653", "correlationVector":"bvgSSdL4b05JjcAePG7qIJ","action":"SyncServerConnectionManagerRequest", "result":"SYNC_SERVER_OK", "context":{"environment":"", "migrationStage":"", "server":""}}
{"logTime": "0209/162653", "correlationVector":"bvgSSdL4b05JjcAePG7qIJ.0","action":"EncryptionKeysFetcher.DownloadKeys:", "result":"Success", "context":Key count: 10, Last key timestamp: 2025-12-11T17:00:21Z}
{"logTime": "0209/162653", "correlationVector":"bvgSSdL4b05JjcAePG7qIJ.1","action":"EncryptionKeysManager::SetEncryptionKeys:", "result":"Success", "context":Key names[10]:[KBIOy/zXwV/ZOmx8dRJc7Hy5XjQarENw1sMGh6k7oz1AJMsYIL7RLMSvO0wwKn68hs05n2MDz6D/G63AQe/xaw==][5fxc8krM8pB2RB71UiUHvBgpqahd7+3RqjF7eZFpE3Gup5255UeHFLak31qSV/66khBGriOeLXiBJn0XV2Oh2A==][zMSz0y2F+8VyQFFMdPd8TAGxa5gWm6yXpk9QS84+TM3Brmk/h1n3uLgObw/5PJvNMq/6HIGUIIIrAPxD6gte8g==][dy4Zmf9diO4F3p2iw830hiPBmZ4//jINYFFZJmi53+qV0yS74Y/Dp7hzNK+1tHdFs0OW21XBAhdE6/hB41+PlQ==][DB5NceDQVv4Dm3tEIPE9xKP16B+GzsCYnsAnlOkTwNcL2jrpZ/l8+Ikv9kiLPd/nvfz+XNImaiWAGeCrHrOiXg==][n2vmGMNQ8xyPpB9Xzp3i5X/090wYFM4FKUy4WF9Pt5dVsSTxcaLFA9vaOelRQR+MUio8Fzvzw0bWujCzZDjm7Q==][fKQmNNWARVOyDLRR9H+0WFZ0VSo7kRnsTHzv6imXmmJN7kdSQGqpHf7s2lIainfC6RQQcIiGfVubO54RoP1R7w==][kv3m70x7uDFM56CR2ublegTS7/8FGP29y7ncAYhNGnTvmTlMKvd15Xcyff8Z7O9dHml+VMWfvBhMy63z955jKg==][ArxDzFlf9qWFU+bFN31FzBcv3Dh4KQ2c9CRiO2M9wOygC+14lsgcW/YF5uDNa4Xum9pY94EcLFUmWEUHGUYdsg==][FIsGkwZlFbHFKxijeffkec16cHRyHKgyVb7mW8r8rmuAg4dMriHt+xnIZ3mRo0+Xs5F4Hf7iik4Mzu7KvyjQsg==]}
{"logTime": "0209/162653", "correlationVector":"bvgSSdL4b05JjcAePG7qIJ.2","action":"EncryptionKeysManager::SetEncryptionKeysWithTimestamps:", "result":"Success", "context":Key timestamps[10]:[2022-11-02T21:32:40Z][2023-05-05T14:56:46Z][2023-10-02T20:11:47Z][2024-01-01T13:07:12Z][2024-06-30T19:23:10Z][2024-12-31T15:57:45Z][2025-02-26T16:57:11Z][2025-05-11T16:38:19Z][2025-06-09T21:29:59Z][2025-12-11T17:00:21Z]}
{"logTime": "0209/162653", "correlationVector":"doPqYipzFyRfHbve5g7wCu","action":"Initial GetUpdates", "result":"", "context":Reason: NEW_CLIENT. cV=doPqYipzFyRfHbve5g7wCu}
{"logTime": "0209/162653", "correlationVector":"doPqYipzFyRfHbve5g7wCu.3","action":"GetUpdates Response", "result":"Success", "context":Received 1 update(s). cV=doPqYipzFyRfHbve5g7wCu.0;server=akswtt11200000b;cloudType=Consumer;environment=Prod_francecentral_prod-s01-062-eur-francecentral;migrationStage=NotStarted}
{"logTime": "0209/162653", "correlationVector":"K7LtibhoJ51UoCFqKkg00M","action":"Initial GetUpdates", "result":"", "context":Reason: NEWLY_SUPPORTED_DATATYPE. cV=K7LtibhoJ51UoCFqKkg00M}
{"logTime": "0209/162653", "correlationVector":"K7LtibhoJ51UoCFqKkg00M.1","action":"SyncServerConnectionManagerRequest", "result":"SYNC_SERVER_OK", "context":{"environment":"Prod_francecentral_prod-s01-062-eur-francecentral", "migrationStage":"NotStarted", "server":"akswtt11200000r"}}
{"logTime": "0209/162653", "correlationVector":"K7LtibhoJ51UoCFqKkg00M.2","action":"ProcessGetUpdates", "result":"Done", "context":{"dataType":"Preferences", "deleted":"0", "process_failed_to_decrypt":"0", "process_pending_decryption":"0", "process_success":"96", "total":"96"}}
{"logTime": "0209/162653", "correlationVector":"K7LtibhoJ51UoCFqKkg00M.3","action":"ProcessGetUpdates", "result":"Done", "context":{"dataType":"Passwords", "deleted":"0", "process_failed_to_decrypt":"0", "process_pending_decryption":"0", "process_success":"37", "total":"37"}}
{"logTime": "0209/162653", "correlationVector":"K7LtibhoJ51UoCFqKkg00M.4","action":"ProcessGetUpdates", "result":"Done", "context":{"dataType":"Device Info", "deleted":"0", "process_failed_to_decrypt":"0", "process_pending_decryption":"0", "process_success":"33", "total":"33"}}
{"logTime": "0209/162653", "correlationVector":"K7LtibhoJ51UoCFqKkg00M.5","action":"GetUpdates Response", "result":"Success", "context":Received 166 update(s). cV=K7LtibhoJ51UoCFqKkg00M.0;server=akswtt11200000r;cloudType=Consumer;environment=Prod_francecentral_prod-s01-062-eur-francecentral;migrationStage=NotStarted}
{"logTime": "0209/162653", "correlationVector":"JF7h1wn6JzEeaCg3Kn97Rb","action":"Initial GetUpdates", "result":"", "context":Reason: NEWLY_SUPPORTED_DATATYPE. cV=JF7h1wn6JzEeaCg3Kn97Rb}
{"logTime": "0209/162653", "correlationVector":"JF7h1wn6JzEeaCg3Kn97Rb.1","action":"SyncServerConnectionManagerRequest", "result":"SYNC_SERVER_OK", "context":{"environment":"Prod_francecentral_prod-s01-062-eur-francecentral", "migrationStage":"NotStarted", "server":"akswtt11200000b"}}
{"logTime": "0209/162654", "correlationVector":"JF7h1wn6JzEeaCg3Kn97Rb.2","action":"ProcessGetUpdates", "result":"Done", "context":{"dataType":"Bookmarks", "deleted":"0", "process_failed_to_decrypt":"0", "process_pending_decryption":"0", "process_success":"58", "total":"58"}}
{"logTime": "0209/162654", "correlationVector":"JF7h1wn6JzEeaCg3Kn97Rb.3","action":"GetUpdates Response", "result":"Success", "context":Received 58 update(s). cV=JF7h1wn6JzEeaCg3Kn97Rb.0;server=akswtt11200000b;cloudType=Consumer;environment=Prod_francecentral_prod-s01-062-eur-francecentral;migrationStage=NotStarted}
{"logTime": "0209/162654", "correlationVector":"hp/kvc/wAXqNy10jq1zJG2","action":"Initial GetUpdates", "result":"", "context":Reason: NEWLY_SUPPORTED_DATATYPE. cV=hp/kvc/wAXqNy10jq1zJG2}
{"logTime": "0209/162654", "correlationVector":"hp/kvc/wAXqNy10jq1zJG2.1","action":"SyncServerConnectionManagerRequest", "result":"SYNC_SERVER_OK", "context":{"environment":"Prod_francecentral_prod-s01-062-eur-francecentral", "migrationStage":"NotStarted", "server":"akswtt11200000v"}}
{"logTime": "0209/162654", "correlationVector":"hp/kvc/wAXqNy10jq1zJG2.2","action":"ProcessGetUpdates", "result":"Done", "context":{"dataType":"Autofill Profiles", "deleted":"1", "process_failed_to_decrypt":"0", "process_pending_decryption":"0", "process_success":"18", "total":"18"}}
{"logTime": "0209/162654", "correlationVector":"hp/kvc/wAXqNy10jq1zJG2.3","action":"ProcessGetUpdates", "result":"Done", "context":{"dataType":"Autofill", "deleted":"0", "process_failed_to_decrypt":"0", "process_pending_decryption":"0", "process_success":"69", "total":"69"}}
{"logTime": "0209/162654", "correlationVector":"hp/kvc/wAXqNy10jq1zJG2.4","action":"ProcessGetUpdates", "result":"Done", "context":{"dataType":"Extensions", "deleted":"0", "process_failed_to_decrypt":"0", "process_pending_decryption":"0", "process_success":"4", "total":"4"}}
{"logTime": "0209/162654", "correlationVector":"hp/kvc/wAXqNy10jq1zJG2.5","action":"ProcessGetUpdates", "result":"Done", "context":{"dataType":"Sessions", "deleted":"84", "process_failed_to_decrypt":"0", "process_pending_decryption":"0", "process_success":"97", "total":"97"}}
{"logTime": "0209/162654", "correlationVector":"hp/kvc/wAXqNy10jq1zJG2.6","action":"ProcessGetUpdates", "result":"Done", "context":{"dataType":"Edge Hub App Usage", "deleted":"7", "process_failed_to_decrypt":"0", "process_pending_decryption":"0", "process_success":"16", "total":"16"}}
{"logTime": "0209/162654", "correlationVector":"hp/kvc/wAXqNy10jq1zJG2.7","action":"GetUpdates Response", "result":"Success", "context":Received 204 update(s). cV=hp/kvc/wAXqNy10jq1zJG2.0;server=akswtt11200000v;cloudType=Consumer;environment=Prod_francecentral_prod-s01-062-eur-francecentral;migrationStage=NotStarted}
{"logTime": "0209/162654", "correlationVector":"hY1o8CI6gnzhQv9yld1YA3","action":"Initial GetUpdates", "result":"", "context":Reason: NEWLY_SUPPORTED_DATATYPE. cV=hY1o8CI6gnzhQv9yld1YA3}
{"logTime": "0209/162655", "correlationVector":"hY1o8CI6gnzhQv9yld1YA3.1","action":"SyncServerConnectionManagerRequest", "result":"SYNC_SERVER_OK", "context":{"environment":"Prod_francecentral_prod-s01-062-eur-francecentral", "migrationStage":"NotStarted", "server":"akswtt112000001"}}
{"logTime": "0209/162655", "correlationVector":"hY1o8CI6gnzhQv9yld1YA3.2","action":"ProcessGetUpdates", "result":"Done", "context":{"dataType":"History", "deleted":"0", "process_failed_to_decrypt":"0", "process_pending_decryption":"0", "process_success":"229", "total":"229"}}
{"logTime": "0209/162655", "correlationVector":"hY1o8CI6gnzhQv9yld1YA3.3","action":"GetUpdates Response", "result":"Success", "context":Received 229 update(s). cV=hY1o8CI6gnzhQv9yld1YA3.0;server=akswtt112000001;cloudType=Consumer;environment=Prod_francecentral_prod-s01-062-eur-francecentral;migrationStage=NotStarted}
{"logTime": "0209/162655", "correlationVector":"LGi017DLJp6SZOaHdbmgrS","action":"Normal GetUpdate request", "result":"", "context":cV=LGi017DLJp6SZOaHdbmgrS
Nudged types: Sessions, Device Info, User Consents
Refresh requested types: Bookmarks, Preferences, Passwords, Autofill Profiles, Autofill, Extensions, Sessions, Extension settings, History Delete Directives, Device Info, User Consents, Send Tab To Self, Web Apps, History, Saved Tab Group, WebAuthn Credentials, Collection, Edge E Drop, Edge Hub App Usage, Edge Wallet, Encryption Keys}
{"logTime": "0209/162656", "correlationVector":"LGi017DLJp6SZOaHdbmgrS.1","action":"SyncServerConnectionManagerRequest", "result":"SYNC_SERVER_OK", "context":{"environment":"Prod_francecentral_prod-s01-062-eur-francecentral", "migrationStage":"NotStarted", "server":"akswtt112000001"}}
{"logTime": "0209/162656", "correlationVector":"LGi017DLJp6SZOaHdbmgrS.2","action":"GetUpdates Response", "result":"Success", "context":Received 0 update(s). cV=LGi017DLJp6SZOaHdbmgrS.0;server=akswtt112000001;cloudType=Consumer;environment=Prod_francecentral_prod-s01-062-eur-francecentral;migrationStage=NotStarted}
{"logTime": "0209/162656", "correlationVector":"YBdz/Dj8E81dBW2DgdKW77","action":"DoCompareDataConsistency requsted types: ", "result":"Bookmarks, Preferences, Passwords, Extensions, Extension settings, History Delete Directives, Send Tab To Self, Web Apps, History, Saved Tab Group, WebAuthn Credentials, Collection, Edge E Drop, Edge Wallet, Encryption Keys"}
{"logTime": "0209/162656", "correlationVector":"YBdz/Dj8E81dBW2DgdKW77.0","action":"CompareDataConsistency result: ", "result":"Compare result: Encryption Keys is consistent. local entities count is: 1 local entities hash is: F1Xiht5jjgP0sSXDFS1InbJwNT8="}
{"logTime": "0209/162656", "correlationVector":"YBdz/Dj8E81dBW2DgdKW77.1","action":"CompareDataConsistency result: ", "result":"Compare result: Bookmarks is consistent. local entities count is: 52 local entities hash is: QtiB6aEvlpTV2vha8gtBPukqnKE="}
{"logTime": "0209/162656", "correlationVector":"YBdz/Dj8E81dBW2DgdKW77.2","action":"CompareDataConsistency result: ", "result":"Compare result: Preferences is consistent. local entities count is: 96 local entities hash is: fe2pRkFM8IVP2VxzMLYt0fkBwQc="}
{"logTime": "0209/162656", "correlationVector":"YBdz/Dj8E81dBW2DgdKW77.3","action":"CompareDataConsistency result: ", "result":"Compare result: Extensions is consistent. local entities count is: 4 local entities hash is: 0n9lblfV5viKzUhmciFC+2y8AHQ="}
{"logTime": "0209/162656", "correlationVector":"YBdz/Dj8E81dBW2DgdKW77.4","action":"CompareDataConsistency result: ", "result":"Compare result: Extension settings is consistent. local entities count is: 0 local entities hash is: "}
{"logTime": "0209/162656", "correlationVector":"YBdz/Dj8E81dBW2DgdKW77.5","action":"CompareDataConsistency result: ", "result":"Compare result: History Delete Directives is consistent. local entities count is: 0 local entities hash is: "}
{"logTime": "0209/162656", "correlationVector":"YBdz/Dj8E81dBW2DgdKW77.6","action":"CompareDataConsistency result: ", "result":"Server did not send this Send Tab To Self local entities count is: 0 local entities hash is: "}
{"logTime": "0209/162656", "correlationVector":"YBdz/Dj8E81dBW2DgdKW77.7","action":"CompareDataConsistency result: ", "result":"Compare result: Web Apps is consistent. local entities count is: 0 local entities hash is: "}
{"logTime": "0209/162656", "correlationVector":"YBdz/Dj8E81dBW2DgdKW77.8","action":"CompareDataConsistency result: ", "result":"Server did not send this History local entities count is: 0 local entities hash is: "}
{"logTime": "0209/162656", "correlationVector":"YBdz/Dj8E81dBW2DgdKW77.9","action":"CompareDataConsistency result: ", "result":"Compare result: Saved Tab Group is consistent. local entities count is: 0 local entities hash is: "}
{"logTime": "0209/162656", "correlationVector":"YBdz/Dj8E81dBW2DgdKW77.10","action":"CompareDataConsistency result: ", "result":"Server did not send this WebAuthn Credentials local entities count is: 0 local entities hash is: "}
{"logTime": "0209/162656", "correlationVector":"YBdz/Dj8E81dBW2DgdKW77.11","action":"CompareDataConsistency result: ", "result":"Compare result: Collection is consistent. local entities count is: 0 local entities hash is: "}
{"logTime": "0209/162656", "correlationVector":"YBdz/Dj8E81dBW2DgdKW77.12","action":"CompareDataConsistency result: ", "result":"Compare result: Edge E Drop is consistent. local entities count is: 0 local entities hash is: "}
{"logTime": "0209/162656", "correlationVector":"YBdz/Dj8E81dBW2DgdKW77.13","action":"CompareDataConsistency result: ", "result":"Compare result: Edge Wallet is consistent. local entities count is: 0 local entities hash is: "}
{"logTime": "0209/162656", "correlationVector":"YBdz/Dj8E81dBW2DgdKW77.14","action":"CompareDataConsistency result: ", "result":"Compare result: Passwords is consistent. local entities count is: 37 local entities hash is: h30qXzp9rVfaYkUAcVU7YwU2ksk="}
{"logTime": "0209/162656", "correlationVector":"k//UdDkvFIg0eGZKhfRtPY","action":"Commit Request", "result":"", "context":Item count: 4
Contributing types: Sessions, Device Info, User Consents}
{"logTime": "0209/162657", "correlationVector":"k//UdDkvFIg0eGZKhfRtPY.1","action":"SyncServerConnectionManagerRequest", "result":"SYNC_SERVER_OK", "context":{"environment":"Prod_francecentral_prod-s01-062-eur-francecentral", "migrationStage":"NotStarted", "server":"akswtt11200000r"}}
{"logTime": "0209/162657", "correlationVector":"k//UdDkvFIg0eGZKhfRtPY.2","action":"Commit Response", "result":"Success", "context":Result: Success. cV=k//UdDkvFIg0eGZKhfRtPY.0;server=akswtt11200000r;cloudType=Consumer;environment=Prod_francecentral_prod-s01-062-eur-francecentral;migrationStage=NotStarted}
{"logTime": "0209/162657", "correlationVector":"","action":"DIAGNOSTIC_REQUEST|v1/diagnosticData/Diagnostic.SendCheckResult()|SUCCESS", "result":""}
{"logTime": "0209/162657", "correlationVector":"gDNHhj4y44TycZBmREUvio","action":"Commit Request", "result":"", "context":Item count: 1
Contributing types: Edge Hub App Usage}
{"logTime": "0209/162657", "correlationVector":"gDNHhj4y44TycZBmREUvio.1","action":"SyncServerConnectionManagerRequest", "result":"SYNC_SERVER_OK", "context":{"environment":"Prod_francecentral_prod-s01-062-eur-francecentral", "migrationStage":"NotStarted", "server":"akswtt112000001"}}
{"logTime": "0209/162657", "correlationVector":"gDNHhj4y44TycZBmREUvio.2","action":"Commit Response", "result":"Success", "context":Result: Success. cV=gDNHhj4y44TycZBmREUvio.0;server=akswtt112000001;cloudType=Consumer;environment=Prod_francecentral_prod-s01-062-eur-francecentral;migrationStage=NotStarted}
{"logTime": "0209/162658", "correlationVector":"6Oqb7E8KRZghnMmoYwm7Sk","action":"Commit Request", "result":"", "context":Item count: 1
Contributing types: User Consents}
{"logTime": "0209/162658", "correlationVector":"6Oqb7E8KRZghnMmoYwm7Sk.1","action":"SyncServerConnectionManagerRequest", "result":"SYNC_SERVER_OK", "context":{"environment":"Prod_francecentral_prod-s01-062-eur-francecentral", "migrationStage":"NotStarted", "server":"akswtt11200000h"}}
{"logTime": "0209/162658", "correlationVector":"6Oqb7E8KRZghnMmoYwm7Sk.2","action":"Commit Response", "result":"Success", "context":Result: Success. cV=6Oqb7E8KRZghnMmoYwm7Sk.0;server=akswtt11200000h;cloudType=Consumer;environment=Prod_francecentral_prod-s01-062-eur-francecentral;migrationStage=NotStarted}
{"logTime": "0209/162701", "correlationVector":"1dIKTDbNNsnJXiVu7b++pB","action":"Commit Request", "result":"", "context":Item count: 1
Contributing types: Edge Hub App Usage}
{"logTime": "0209/162702", "correlationVector":"1dIKTDbNNsnJXiVu7b++pB.1","action":"SyncServerConnectionManagerRequest", "result":"SYNC_SERVER_OK", "context":{"environment":"Prod_francecentral_prod-s01-062-eur-francecentral", "migrationStage":"NotStarted", "server":"akswtt11200000n"}}
{"logTime": "0209/162702", "correlationVector":"1dIKTDbNNsnJXiVu7b++pB.2","action":"Commit Response", "result":"Success", "context":Result: Success. cV=1dIKTDbNNsnJXiVu7b++pB.0;server=akswtt11200000n;cloudType=Consumer;environment=Prod_francecentral_prod-s01-062-eur-francecentral;migrationStage=NotStarted}
{"logTime": "0209/162705", "correlationVector":"QYJ+38E6ltSmbG4PaxOtDM","action":"Commit Request", "result":"", "context":Item count: 18
Contributing types: Preferences, Passwords}
{"logTime": "0209/162707", "correlationVector":"QYJ+38E6ltSmbG4PaxOtDM.1","action":"SyncServerConnectionManagerRequest", "result":"SYNC_SERVER_OK", "context":{"environment":"Prod_francecentral_prod-s01-062-eur-francecentral", "migrationStage":"NotStarted", "server":"akswtt11200000p"}}
{"logTime": "0209/162707", "correlationVector":"QYJ+38E6ltSmbG4PaxOtDM.2","action":"Commit Response", "result":"Success", "context":Result: Success. cV=QYJ+38E6ltSmbG4PaxOtDM.0;server=akswtt11200000p;cloudType=Consumer;environment=Prod_francecentral_prod-s01-062-eur-francecentral;migrationStage=NotStarted}
{"logTime": "0209/162807", "correlationVector":"299KIkyEIzvxNjZFfRMe+c","action":"Commit Request", "result":"", "context":Item count: 4
Contributing types: Sessions, History}
{"logTime": "0209/162808", "correlationVector":"299KIkyEIzvxNjZFfRMe+c.1","action":"SyncServerConnectionManagerRequest", "result":"SYNC_SERVER_OK", "context":{"environment":"Prod_francecentral_prod-s01-062-eur-francecentral", "migrationStage":"NotStarted", "server":"akswtt11200000e"}}
{"logTime": "0209/162808", "correlationVector":"299KIkyEIzvxNjZFfRMe+c.2","action":"Commit Response", "result":"Success", "context":Result: Success. cV=299KIkyEIzvxNjZFfRMe+c.0;server=akswtt11200000e;cloudType=Consumer;environment=Prod_francecentral_prod-s01-062-eur-francecentral;migrationStage=NotStarted}
